<?xml version="1.0" encoding="UTF-8"?>
<testsuite xmlns:xsi="http://www.w3.org/2001/XMLSchema-instance" xsi:noNamespaceSchemaLocation="https://maven.apache.org/surefire/maven-surefire-plugin/xsd/surefire-test-report.xsd" name="se.kth.iv1350.processSale.controller.ControllerExceptionTest" time="0.12" tests="5" errors="0" skipped="0" failures="0">
  <properties>
[...]
</properties>
  <testcase name="testIfOperationFailedExceptionCauseIsCorrect" classname="se.kth.iv1350.processSale.controller.ControllerExceptionTest" time="0.055"/>
  <testcase name="testIfRightExceptionIsThrown" classname="se.kth.iv1350.processSale.controller.ControllerExceptionTest" time="0"/>
  <testcase name="testIfUnsuccessfullDatabaseConnectionThrowsException" classname="se.kth.iv1350.processSale.controller.ControllerExceptionTest" time="0"/>
  <testcase name="testIfOperationFailedExceptionHasCorrectMsg" classname="se.kth.iv1350.processSale.controller.ControllerExceptionTest" time="0.005"/>
  <testcase name="testIfSuccessfullDatabaseConnectionThrowsException" classname="se.kth.iv1350.processSale.controller.ControllerExceptionTest" time="0.03"/>
</testsuite>